1611060451109	geckodriver	INFO	Listening on 127.0.0.1:50145
1611060454148	mozrunner::runner	INFO	Running command: "C:\\Program Files\\Mozilla Firefox\\firefox.exe" "--marionette" "-foreground" "-no-remote" "-profile" "C:\\Users\\P10154~1\\AppData\\Local\\Temp\\rust_mozprofileZYHd9i"
Can't find symbol 'eglSwapBuffersWithDamageEXT'.
Can't find symbol 'eglSetDamageRegionKHR'.
console.warn: SearchSettings: "get: No settings file exists, new profile?" (new Error("", "(unknown module)"))
1611060461687	Marionette	INFO	Listening on port 50153
1611060462061	Marionette	WARN	TLS certificate errors will be ignored for this session
[Parent 6352, Gecko_IOThread] WARNING: file /builds/worker/checkouts/gecko/ipc/chromium/src/base/process_util_win.cc:166
[Parent 6352, Gecko_IOThread] WARNING: file /builds/worker/checkouts/gecko/ipc/chromium/src/base/process_util_win.cc:166
1611060472778	Marionette	INFO	Stopped listening on port 50153

###!!! [Child][RunMessage] Error: Channel closing: too late to send/recv, messages will be lost

1611060481164	geckodriver	INFO	Listening on 127.0.0.1:50201
1611060484236	mozrunner::runner	INFO	Running command: "C:\\Program Files\\Mozilla Firefox\\firefox.exe" "--marionette" "-foreground" "-no-remote" "-profile" "C:\\Users\\P10154~1\\AppData\\Local\\Temp\\rust_mozprofileys7LNG"
Can't find symbol 'eglSwapBuffersWithDamageEXT'.
Can't find symbol 'eglSetDamageRegionKHR'.
console.warn: SearchSettings: "get: No settings file exists, new profile?" (new Error("", "(unknown module)"))
1611060492266	Marionette	INFO	Listening on port 50209
1611060492733	Marionette	WARN	TLS certificate errors will be ignored for this session
[Parent 5532, Gecko_IOThread] WARNING: file /builds/worker/checkouts/gecko/ipc/chromium/src/base/process_util_win.cc:166
1611060533113	Marionette	INFO	Stopped listening on port 50209

###!!! [Child][RunMessage] Error: Channel closing: too late to send/recv, messages will be lost

1611061044079	geckodriver	INFO	Listening on 127.0.0.1:50325
1611061047123	mozrunner::runner	INFO	Running command: "C:\\Program Files\\Mozilla Firefox\\firefox.exe" "--marionette" "-foreground" "-no-remote" "-profile" "C:\\Users\\P10154~1\\AppData\\Local\\Temp\\rust_mozprofileLzkDqn"
Can't find symbol 'eglSwapBuffersWithDamageEXT'.
Can't find symbol 'eglSetDamageRegionKHR'.
console.warn: SearchSettings: "get: No settings file exists, new profile?" (new Error("", "(unknown module)"))
1611061053869	Marionette	INFO	Listening on port 50333
1611061054307	Marionette	WARN	TLS certificate errors will be ignored for this session
1611061120075	Marionette	INFO	Stopped listening on port 50333
